<?xml version="1.0" encoding="UTF-8"?>
<!-- Generated by org.testng.reporters.JUnitReportReporter -->
<testsuite hostname="LAPTOP-T9EFSAMR" failures="0" tests="1" name="test.LoginTest" time="13.961" errors="0" timestamp="11 Feb 2024 16:03:32 GMT">
  <testcase classname="test.LoginTest" name="validUserShouldBeAbleToLogin" time="13.961"/>
</testsuite> <!-- test.LoginTest -->
